<?xml version="1.0" encoding="UTF-8"?>
<testsuite name="FootballTeamTest" tests="2" skipped="0" failures="0" errors="0" timestamp="2024-04-22T17:38:50" hostname="DESKTOP-D3ILQNT" time="0.074">
  <properties/>
  <testcase name="[1] -10" classname="FootballTeamTest" time="0.069"/>
  <testcase name="[2] -1" classname="FootballTeamTest" time="0.002"/>
  <system-out><![CDATA[]]></system-out>
  <system-err><![CDATA[]]></system-err>
</testsuite>
