<?xml version="1.0" encoding="UTF-8"?>
<testsuite name="FootballTeamTest" tests="1" skipped="0" failures="0" errors="0" timestamp="2024-04-22T17:46:38" hostname="DESKTOP-D3ILQNT" time="0.049">
  <properties/>
  <testcase name="shouldBePossibleToCompareTeams()" classname="FootballTeamTest" time="0.049"/>
  <system-out><![CDATA[]]></system-out>
  <system-err><![CDATA[]]></system-err>
</testsuite>
